{"uid":"1193d9e2518e3d43","name":"test_coupon_des","fullName":"test_case.test_ofs.TestOfs#test_coupon_des","historyId":"bb67f64b95466332025557e3e59718a6","time":{"start":1713349564399,"stop":1713349593762,"duration":29363},"status":"passed","flaky":false,"newFailed":false,"newBroken":false,"newPassed":false,"retriesCount":12,"retriesStatusChange":true,"beforeStages":[],"afterStages":[],"labels":[{"name":"parentSuite","value":"test_case"},{"name":"suite","value":"test_ofs"},{"name":"subSuite","value":"TestOfs"},{"name":"host","value":"DESKTOP-LPVFBLF"},{"name":"thread","value":"28496-MainThread"},{"name":"framework","value":"pytest"},{"name":"language","value":"cpython3"},{"name":"package","value":"test_case.test_ofs"},{"name":"resultFormat","value":"allure2"}],"parameters":[],"links":[],"hidden":false,"retry":false,"extra":{"severity":"normal","retries":[{"uid":"9dd765c554bc3001","status":"passed","time":{"start":1712908068937,"stop":1712908098167,"duration":29230}},{"uid":"468cb2c3f71104bc","status":"broken","statusDetails":"FileNotFoundError: [Errno 2] No such file or directory: '..\\\\log\\\\站群.txt'","time":{"start":1712903665288,"stop":1712903693774,"duration":28486}},{"uid":"bff2a7a8ad709c83","status":"broken","statusDetails":"FileNotFoundError: [Errno 2] No such file or directory: '..\\\\log\\\\站群.txt'","time":{"start":1712902004285,"stop":1712902008998,"duration":4713}},{"uid":"e72f4675249552dd","status":"passed","time":{"start":1712743594356,"stop":1712743624930,"duration":30574}},{"uid":"45af9a69fbcb318a","status":"passed","time":{"start":1712719414361,"stop":1712719445336,"duration":30975}},{"uid":"23c0426481359c81","status":"broken","statusDetails":"selenium.common.exceptions.ElementClickInterceptedException: Message: element click intercepted: Element <img alt=\"get code\" loading=\"lazy\" width=\"606\" height=\"157\" decoding=\"async\" data-nimg=\"1\" class=\"w-[180px]\" srcset=\"https://www.ofscoupon.com/_next/static/media/code_button.7185d101.png?w=640&amp;q=75 1x, https://www.ofscoupon.com/_next/static/media/code_button.7185d101.png?w=1920&amp;q=75 2x\" src=\"https://www.ofscoupon.com/_next/static/media/code_button.7185d101.png?w=1920&amp;q=75\" style=\"color: transparent;\"> is not clickable at point (1301, 819). Other element would receive the click: <iframe id=\"aswift_6\" name=\"aswift_6\" style=\"width: 1005px !important; height: 124px !important; display: block; margin: 0px auto;\" sandbox=\"allow-forms allow-popups allow-popups-to-escape-sandbox allow-same-origin allow-scripts allow-top-navigation-by-user-activation\" width=\"1005\" height=\"124\" frameborder=\"0\" marginwidth=\"0\" marginheight=\"0\" vspace=\"0\" hspace=\"0\" allowtransparency=\"true\" scrolling=\"no\" src=\"https://googleads.g.doubleclick.net/pagead/html/r20240404/r20110914/zrt_lookup_fy2021.html#RS-0-&amp;adk=1812271801&amp;client=ca-pub-4871822457266596&amp;fa=1&amp;ifi=7&amp;uci=a!7&amp;btvi=5\" data-google-container-id=\"a!7\" tabindex=\"0\" title=\"Advertisement\" aria-label=\"Advertisement\" data-google-query-id=\"CIyI2eGYtYUDFbFSwgUdgAkH9A\" data-load-complete=\"true\"></iframe>\n  (Session info: chrome=123.0.6312.106)\nStacktrace:\n\tGetHandleVerifier [0x00007FF71BD070C2+63090]\n\t(No symbol) [0x00007FF71BC72D12]\n\t(No symbol) [0x00007FF71BB0EC65]\n\t(No symbol) [0x00007FF71BB5BB34]\n\t(No symbol) [0x00007FF71BB59954]\n\t(No symbol) [0x00007FF71BB57164]\n\t(No symbol) [0x00007FF71BB55EF9]\n\t(No symbol) [0x00007FF71BB4A708]\n\t(No symbol) [0x00007FF71BB76FDA]\n\t(No symbol) [0x00007FF71BB4A00A]\n\t(No symbol) [0x00007FF71BB771F0]\n\t(No symbol) [0x00007FF71BB93412]\n\t(No symbol) [0x00007FF71BB76D83]\n\t(No symbol) [0x00007FF71BB483A8]\n\t(No symbol) [0x00007FF71BB49441]\n\tGetHandleVerifier [0x00007FF71C10262D+4238301]\n\tGetHandleVerifier [0x00007FF71C13F78D+4488509]\n\tGetHandleVerifier [0x00007FF71C137A6F+4456479]\n\tGetHandleVerifier [0x00007FF71BDE0606+953270]\n\t(No symbol) [0x00007FF71BC7E5DF]\n\t(No symbol) [0x00007FF71BC792B4]\n\t(No symbol) [0x00007FF71BC793EB]\n\t(No symbol) [0x00007FF71BC69C24]\n\tBaseThreadInitThunk [0x00007FFA1648257D+29]\n\tRtlUserThreadStart [0x00007FFA17CCAA58+40]","time":{"start":1712667764114,"stop":1712667828489,"duration":64375}},{"uid":"75dd7ee094355d72","status":"passed","time":{"start":1712666786249,"stop":1712666819023,"duration":32774}},{"uid":"62375229064069be","status":"passed","time":{"start":1712666221810,"stop":1712666254337,"duration":32527}},{"uid":"abdfe7bafa11ed9","status":"broken","statusDetails":"selenium.common.exceptions.NoSuchElementException: Message: no such element: Unable to locate element: {\"method\":\"xpath\",\"selector\":\"(//div[@class='flex cursor-pointer']/child::span)[1]\"}\n  (Session info: chrome=123.0.6312.106); For documentation on this error, please visit: https://www.selenium.dev/documentation/webdriver/troubleshooting/errors#no-such-element-exception\nStacktrace:\n\tGetHandleVerifier [0x00007FF71BD070C2+63090]\n\t(No symbol) [0x00007FF71BC72D12]\n\t(No symbol) [0x00007FF71BB0EC65]\n\t(No symbol) [0x00007FF71BB5499D]\n\t(No symbol) [0x00007FF71BB54ADC]\n\t(No symbol) [0x00007FF71BB95B37]\n\t(No symbol) [0x00007FF71BB7701F]\n\t(No symbol) [0x00007FF71BB93412]\n\t(No symbol) [0x00007FF71BB76D83]\n\t(No symbol) [0x00007FF71BB483A8]\n\t(No symbol) [0x00007FF71BB49441]\n\tGetHandleVerifier [0x00007FF71C10262D+4238301]\n\tGetHandleVerifier [0x00007FF71C13F78D+4488509]\n\tGetHandleVerifier [0x00007FF71C137A6F+4456479]\n\tGetHandleVerifier [0x00007FF71BDE0606+953270]\n\t(No symbol) [0x00007FF71BC7E5DF]\n\t(No symbol) [0x00007FF71BC792B4]\n\t(No symbol) [0x00007FF71BC793EB]\n\t(No symbol) [0x00007FF71BC69C24]\n\tBaseThreadInitThunk [0x00007FFA1648257D+29]\n\tRtlUserThreadStart [0x00007FFA17CCAA58+40]","time":{"start":1712665355668,"stop":1712665553031,"duration":197363}},{"uid":"773765610e99582d","status":"passed","time":{"start":1712664693485,"stop":1712664736168,"duration":42683}},{"uid":"e456922d98a978be","status":"broken","statusDetails":"selenium.common.exceptions.NoSuchElementException: Message: no such element: Unable to locate element: {\"method\":\"xpath\",\"selector\":\"//a[@target='_blank']\"}\n  (Session info: chrome=123.0.6312.106); For documentation on this error, please visit: https://www.selenium.dev/documentation/webdriver/troubleshooting/errors#no-such-element-exception\nStacktrace:\n\tGetHandleVerifier [0x00007FF71BD070C2+63090]\n\t(No symbol) [0x00007FF71BC72D12]\n\t(No symbol) [0x00007FF71BB0EC65]\n\t(No symbol) [0x00007FF71BB5499D]\n\t(No symbol) [0x00007FF71BB54ADC]\n\t(No symbol) [0x00007FF71BB95B37]\n\t(No symbol) [0x00007FF71BB7701F]\n\t(No symbol) [0x00007FF71BB93412]\n\t(No symbol) [0x00007FF71BB76D83]\n\t(No symbol) [0x00007FF71BB483A8]\n\t(No symbol) [0x00007FF71BB49441]\n\tGetHandleVerifier [0x00007FF71C10262D+4238301]\n\tGetHandleVerifier [0x00007FF71C13F78D+4488509]\n\tGetHandleVerifier [0x00007FF71C137A6F+4456479]\n\tGetHandleVerifier [0x00007FF71BDE0606+953270]\n\t(No symbol) [0x00007FF71BC7E5DF]\n\t(No symbol) [0x00007FF71BC792B4]\n\t(No symbol) [0x00007FF71BC793EB]\n\t(No symbol) [0x00007FF71BC69C24]\n\tBaseThreadInitThunk [0x00007FFA1648257D+29]\n\tRtlUserThreadStart [0x00007FFA17CCAA58+40]","time":{"start":1712663932327,"stop":1712663981974,"duration":49647}},{"uid":"1f7d373865fa4582","status":"broken","statusDetails":"selenium.common.exceptions.NoSuchElementException: Message: no such element: Unable to locate element: {\"method\":\"xpath\",\"selector\":\"//button[@aria-label='true']\"}\n  (Session info: chrome=123.0.6312.106); For documentation on this error, please visit: https://www.selenium.dev/documentation/webdriver/troubleshooting/errors#no-such-element-exception\nStacktrace:\n\tGetHandleVerifier [0x00007FF71BD070C2+63090]\n\t(No symbol) [0x00007FF71BC72D12]\n\t(No symbol) [0x00007FF71BB0EC65]\n\t(No symbol) [0x00007FF71BB5499D]\n\t(No symbol) [0x00007FF71BB54ADC]\n\t(No symbol) [0x00007FF71BB95B37]\n\t(No symbol) [0x00007FF71BB7701F]\n\t(No symbol) [0x00007FF71BB93412]\n\t(No symbol) [0x00007FF71BB76D83]\n\t(No symbol) [0x00007FF71BB483A8]\n\t(No symbol) [0x00007FF71BB49441]\n\tGetHandleVerifier [0x00007FF71C10262D+4238301]\n\tGetHandleVerifier [0x00007FF71C13F78D+4488509]\n\tGetHandleVerifier [0x00007FF71C137A6F+4456479]\n\tGetHandleVerifier [0x00007FF71BDE0606+953270]\n\t(No symbol) [0x00007FF71BC7E5DF]\n\t(No symbol) [0x00007FF71BC792B4]\n\t(No symbol) [0x00007FF71BC793EB]\n\t(No symbol) [0x00007FF71BC69C24]\n\tBaseThreadInitThunk [0x00007FFA1648257D+29]\n\tRtlUserThreadStart [0x00007FFA17CCAA58+40]","time":{"start":1712663108628,"stop":1712663157657,"duration":49029}}],"categories":[],"tags":[]},"source":"1193d9e2518e3d43.json","parameterValues":[]}