{"uid":"57a056eb1f7f2047","name":"test_coupon_des","fullName":"test_case.test_webs.TestWebs#test_coupon_des","historyId":"c73ce0823350d51ff9b3d872a4ec44b5","time":{"start":1713349932142,"stop":1713349944727,"duration":12585},"status":"passed","flaky":false,"newFailed":false,"newBroken":false,"newPassed":false,"retriesCount":12,"retriesStatusChange":true,"beforeStages":[],"afterStages":[],"labels":[{"name":"parentSuite","value":"test_case"},{"name":"suite","value":"test_webs"},{"name":"subSuite","value":"TestWebs"},{"name":"host","value":"DESKTOP-LPVFBLF"},{"name":"thread","value":"28496-MainThread"},{"name":"framework","value":"pytest"},{"name":"language","value":"cpython3"},{"name":"package","value":"test_case.test_webs"},{"name":"resultFormat","value":"allure2"}],"parameters":[],"links":[],"hidden":false,"retry":false,"extra":{"severity":"normal","retries":[{"uid":"30f914e930d2165e","status":"passed","time":{"start":1712908660372,"stop":1712908669637,"duration":9265}},{"uid":"82d182a5ad56d01f","status":"broken","statusDetails":"FileNotFoundError: [Errno 2] No such file or directory: '..\\\\log\\\\站群.txt'","time":{"start":1712904068697,"stop":1712904096480,"duration":27783}},{"uid":"d85923f2f0d3af3a","status":"broken","statusDetails":"FileNotFoundError: [Errno 2] No such file or directory: '..\\\\log\\\\站群.txt'","time":{"start":1712902268299,"stop":1712902295792,"duration":27493}},{"uid":"bac2460e4245b353","status":"passed","time":{"start":1712744005138,"stop":1712744012114,"duration":6976}},{"uid":"75b0f3c55e7a07b9","status":"passed","time":{"start":1712719485603,"stop":1712719516324,"duration":30721}},{"uid":"3660070fb7a8ea99","status":"broken","statusDetails":"selenium.common.exceptions.ElementClickInterceptedException: Message: element click intercepted: Element <img alt=\"get code\" loading=\"lazy\" width=\"606\" height=\"157\" decoding=\"async\" data-nimg=\"1\" class=\"w-[180px]\" srcset=\"https://www.couponswebs.com/_next/static/media/code_button.75006b1f.png?w=640&amp;q=75 1x, https://www.couponswebs.com/_next/static/media/code_button.75006b1f.png?w=1920&amp;q=75 2x\" src=\"https://www.couponswebs.com/_next/static/media/code_button.75006b1f.png?w=1920&amp;q=75\" style=\"color: transparent;\"> is not clickable at point (1301, 641). Other element would receive the click: <iframe id=\"aswift_6\" name=\"aswift_6\" style=\"width: 100vw !important; height: 100vh !important; inset: 0px auto auto 0px !important; position: absolute !important; clear: none !important; display: inline !important; float: none !important; margin: 0px !important; max-height: none !important; max-width: none !important; opacity: 1 !important; overflow: visible !important; padding: 0px !important; vertical-align: baseline !important; visibility: visible !important; z-index: auto !important;\" sandbox=\"allow-forms allow-popups allow-popups-to-escape-sandbox allow-same-origin allow-scripts allow-top-navigation-by-user-activation\" width=\"\" height=\"\" frameborder=\"0\" marginwidth=\"0\" marginheight=\"0\" vspace=\"0\" hspace=\"0\" allowtransparency=\"true\" scrolling=\"no\" src=\"https://googleads.g.doubleclick.net/pagead/html/r20240404/r20110914/zrt_lookup_fy2021.html#RS-0-&amp;adk=1812271808&amp;client=ca-pub-3083541566842724&amp;fa=8&amp;ifi=7&amp;uci=a!7\" data-google-container-id=\"a!7\" tabindex=\"0\" title=\"Advertisement\" aria-label=\"Advertisement\" data-google-query-id=\"CNSe8dCZtYUDFaiCuQUdSRYASA\" data-load-complete=\"true\"></iframe>\n  (Session info: chrome=123.0.6312.106)\nStacktrace:\n\tGetHandleVerifier [0x00007FF71BD070C2+63090]\n\t(No symbol) [0x00007FF71BC72D12]\n\t(No symbol) [0x00007FF71BB0EC65]\n\t(No symbol) [0x00007FF71BB5BB34]\n\t(No symbol) [0x00007FF71BB59954]\n\t(No symbol) [0x00007FF71BB57164]\n\t(No symbol) [0x00007FF71BB55EF9]\n\t(No symbol) [0x00007FF71BB4A708]\n\t(No symbol) [0x00007FF71BB76FDA]\n\t(No symbol) [0x00007FF71BB4A00A]\n\t(No symbol) [0x00007FF71BB771F0]\n\t(No symbol) [0x00007FF71BB93412]\n\t(No symbol) [0x00007FF71BB76D83]\n\t(No symbol) [0x00007FF71BB483A8]\n\t(No symbol) [0x00007FF71BB49441]\n\tGetHandleVerifier [0x00007FF71C10262D+4238301]\n\tGetHandleVerifier [0x00007FF71C13F78D+4488509]\n\tGetHandleVerifier [0x00007FF71C137A6F+4456479]\n\tGetHandleVerifier [0x00007FF71BDE0606+953270]\n\t(No symbol) [0x00007FF71BC7E5DF]\n\t(No symbol) [0x00007FF71BC792B4]\n\t(No symbol) [0x00007FF71BC793EB]\n\t(No symbol) [0x00007FF71BC69C24]\n\tBaseThreadInitThunk [0x00007FFA1648257D+29]\n\tRtlUserThreadStart [0x00007FFA17CCAA58+40]","time":{"start":1712668020558,"stop":1712668083568,"duration":63010}},{"uid":"c4784f24090b2f0d","status":"passed","time":{"start":1712666963674,"stop":1712666998472,"duration":34798}},{"uid":"d786df00089e0b04","status":"broken","statusDetails":"selenium.common.exceptions.InvalidArgumentException: Message: invalid argument: invalid 'id'\n  (Session info: chrome=123.0.6312.106)\nStacktrace:\n\tGetHandleVerifier [0x00007FF71BD070C2+63090]\n\t(No symbol) [0x00007FF71BC72D12]\n\t(No symbol) [0x00007FF71BB0EC65]\n\t(No symbol) [0x00007FF71BB9565E]\n\t(No symbol) [0x00007FF71BB76FDA]\n\t(No symbol) [0x00007FF71BB93412]\n\t(No symbol) [0x00007FF71BB76D83]\n\t(No symbol) [0x00007FF71BB483A8]\n\t(No symbol) [0x00007FF71BB49441]\n\tGetHandleVerifier [0x00007FF71C10262D+4238301]\n\tGetHandleVerifier [0x00007FF71C13F78D+4488509]\n\tGetHandleVerifier [0x00007FF71C137A6F+4456479]\n\tGetHandleVerifier [0x00007FF71BDE0606+953270]\n\t(No symbol) [0x00007FF71BC7E5DF]\n\t(No symbol) [0x00007FF71BC792B4]\n\t(No symbol) [0x00007FF71BC793EB]\n\t(No symbol) [0x00007FF71BC69C24]\n\tBaseThreadInitThunk [0x00007FFA1648257D+29]\n\tRtlUserThreadStart [0x00007FFA17CCAA58+40]","time":{"start":1712666301591,"stop":1712666373359,"duration":71768}},{"uid":"123e441db466192c","status":"broken","statusDetails":"selenium.common.exceptions.StaleElementReferenceException: Message: stale element reference: stale element not found in the current frame\n  (Session info: chrome=123.0.6312.106); For documentation on this error, please visit: https://www.selenium.dev/documentation/webdriver/troubleshooting/errors#stale-element-reference-exception\nStacktrace:\n\tGetHandleVerifier [0x00007FF71BD070C2+63090]\n\t(No symbol) [0x00007FF71BC72D12]\n\t(No symbol) [0x00007FF71BB0EC65]\n\t(No symbol) [0x00007FF71BB13D21]\n\t(No symbol) [0x00007FF71BB16159]\n\t(No symbol) [0x00007FF71BB16200]\n\t(No symbol) [0x00007FF71BB567B5]\n\t(No symbol) [0x00007FF71BB4A496]\n\t(No symbol) [0x00007FF71BB76FDA]\n\t(No symbol) [0x00007FF71BB4A00A]\n\t(No symbol) [0x00007FF71BB771F0]\n\t(No symbol) [0x00007FF71BB93412]\n\t(No symbol) [0x00007FF71BB76D83]\n\t(No symbol) [0x00007FF71BB483A8]\n\t(No symbol) [0x00007FF71BB49441]\n\tGetHandleVerifier [0x00007FF71C10262D+4238301]\n\tGetHandleVerifier [0x00007FF71C13F78D+4488509]\n\tGetHandleVerifier [0x00007FF71C137A6F+4456479]\n\tGetHandleVerifier [0x00007FF71BDE0606+953270]\n\t(No symbol) [0x00007FF71BC7E5DF]\n\t(No symbol) [0x00007FF71BC792B4]\n\t(No symbol) [0x00007FF71BC793EB]\n\t(No symbol) [0x00007FF71BC69C24]\n\tBaseThreadInitThunk [0x00007FFA1648257D+29]\n\tRtlUserThreadStart [0x00007FFA17CCAA58+40]","time":{"start":1712665579648,"stop":1712665677402,"duration":97754}},{"uid":"312192d1406183b3","status":"broken","statusDetails":"selenium.common.exceptions.ElementClickInterceptedException: Message: element click intercepted: Element <img alt=\"get code\" loading=\"lazy\" width=\"606\" height=\"157\" decoding=\"async\" data-nimg=\"1\" class=\"w-[180px]\" style=\"color:transparent\" srcset=\"https://www.couponswebs.com/_next/static/media/code_button.75006b1f.png?w=640&amp;q=75 1x, https://www.couponswebs.com/_next/static/media/code_button.75006b1f.png?w=1920&amp;q=75 2x\" src=\"https://www.couponswebs.com/_next/static/media/code_button.75006b1f.png?w=1920&amp;q=75\"> is not clickable at point (1301, 819). Other element would receive the click: <iframe id=\"aswift_6\" name=\"aswift_6\" style=\"width: 1005px !important; height: 124px !important; display: block; margin: 0px auto;\" sandbox=\"allow-forms allow-popups allow-popups-to-escape-sandbox allow-same-origin allow-scripts allow-top-navigation-by-user-activation\" width=\"1005\" height=\"124\" frameborder=\"0\" marginwidth=\"0\" marginheight=\"0\" vspace=\"0\" hspace=\"0\" allowtransparency=\"true\" scrolling=\"no\" src=\"https://googleads.g.doubleclick.net/pagead/html/r20240404/r20110914/zrt_lookup_fy2021.html#RS-0-&amp;adk=1812271801&amp;client=ca-pub-3083541566842724&amp;fa=1&amp;ifi=7&amp;uci=a!7&amp;btvi=5\" data-google-container-id=\"a!7\" tabindex=\"0\" title=\"Advertisement\" aria-label=\"Advertisement\" data-google-query-id=\"CMe6qfWNtYUDFSM9RAgduVIIQA\" data-load-complete=\"true\"></iframe>\n  (Session info: chrome=123.0.6312.106)\nStacktrace:\n\tGetHandleVerifier [0x00007FF71BD070C2+63090]\n\t(No symbol) [0x00007FF71BC72D12]\n\t(No symbol) [0x00007FF71BB0EC65]\n\t(No symbol) [0x00007FF71BB5BB34]\n\t(No symbol) [0x00007FF71BB59954]\n\t(No symbol) [0x00007FF71BB57164]\n\t(No symbol) [0x00007FF71BB55EF9]\n\t(No symbol) [0x00007FF71BB4A708]\n\t(No symbol) [0x00007FF71BB76FDA]\n\t(No symbol) [0x00007FF71BB4A00A]\n\t(No symbol) [0x00007FF71BB771F0]\n\t(No symbol) [0x00007FF71BB93412]\n\t(No symbol) [0x00007FF71BB76D83]\n\t(No symbol) [0x00007FF71BB483A8]\n\t(No symbol) [0x00007FF71BB49441]\n\tGetHandleVerifier [0x00007FF71C10262D+4238301]\n\tGetHandleVerifier [0x00007FF71C13F78D+4488509]\n\tGetHandleVerifier [0x00007FF71C137A6F+4456479]\n\tGetHandleVerifier [0x00007FF71BDE0606+953270]\n\t(No symbol) [0x00007FF71BC7E5DF]\n\t(No symbol) [0x00007FF71BC792B4]\n\t(No symbol) [0x00007FF71BC793EB]\n\t(No symbol) [0x00007FF71BC69C24]\n\tBaseThreadInitThunk [0x00007FFA1648257D+29]\n\tRtlUserThreadStart [0x00007FFA17CCAA58+40]","time":{"start":1712664839235,"stop":1712664917120,"duration":77885}},{"uid":"bf23cf48119dcf50","status":"passed","time":{"start":1712664053298,"stop":1712664065027,"duration":11729}},{"uid":"64259d58e71c827c","status":"broken","statusDetails":"selenium.common.exceptions.NoSuchElementException: Message: no such element: Unable to locate element: {\"method\":\"xpath\",\"selector\":\"//button[@aria-label='true']\"}\n  (Session info: chrome=123.0.6312.106); For documentation on this error, please visit: https://www.selenium.dev/documentation/webdriver/troubleshooting/errors#no-such-element-exception\nStacktrace:\n\tGetHandleVerifier [0x00007FF71BD070C2+63090]\n\t(No symbol) [0x00007FF71BC72D12]\n\t(No symbol) [0x00007FF71BB0EC65]\n\t(No symbol) [0x00007FF71BB5499D]\n\t(No symbol) [0x00007FF71BB54ADC]\n\t(No symbol) [0x00007FF71BB95B37]\n\t(No symbol) [0x00007FF71BB7701F]\n\t(No symbol) [0x00007FF71BB93412]\n\t(No symbol) [0x00007FF71BB76D83]\n\t(No symbol) [0x00007FF71BB483A8]\n\t(No symbol) [0x00007FF71BB49441]\n\tGetHandleVerifier [0x00007FF71C10262D+4238301]\n\tGetHandleVerifier [0x00007FF71C13F78D+4488509]\n\tGetHandleVerifier [0x00007FF71C137A6F+4456479]\n\tGetHandleVerifier [0x00007FF71BDE0606+953270]\n\t(No symbol) [0x00007FF71BC7E5DF]\n\t(No symbol) [0x00007FF71BC792B4]\n\t(No symbol) [0x00007FF71BC793EB]\n\t(No symbol) [0x00007FF71BC69C24]\n\tBaseThreadInitThunk [0x00007FFA1648257D+29]\n\tRtlUserThreadStart [0x00007FFA17CCAA58+40]","time":{"start":1712663242154,"stop":1712663269589,"duration":27435}}],"categories":[],"tags":[]},"source":"57a056eb1f7f2047.json","parameterValues":[]}