{"uid":"a724d781e18e8520","name":"test_first_coupon","fullName":"test_case.test_found.Testfound#test_first_coupon","historyId":"c7f6504f839d2c63df12cd96b07ff77f","time":{"start":1712743320102,"stop":1712743372884,"duration":52782},"status":"broken","statusMessage":"selenium.common.exceptions.ElementClickInterceptedException: Message: element click intercepted: Element <a href=\"/coupon/get-code/22096/\">...</a> is not clickable at point (1019, 809). Other element would receive the click: <iframe id=\"aswift_6\" name=\"aswift_6\" style=\"width: 1005px !important; height: 124px !important; display: block; margin: 0px auto;\" sandbox=\"allow-forms allow-popups allow-popups-to-escape-sandbox allow-same-origin allow-scripts allow-top-navigation-by-user-activation\" width=\"1005\" height=\"124\" frameborder=\"0\" marginwidth=\"0\" marginheight=\"0\" vspace=\"0\" hspace=\"0\" allowtransparency=\"true\" scrolling=\"no\" src=\"https://googleads.g.doubleclick.net/pagead/html/r20240408/r20110914/zrt_lookup_fy2021.html#RS-1-&amp;adk=1812271801&amp;client=ca-pub-4207736570761792&amp;fa=1&amp;ifi=7&amp;uci=a!7&amp;btvi=4\" data-google-container-id=\"a!7\" tabindex=\"0\" title=\"Advertisement\" aria-label=\"Advertisement\" data-google-query-id=\"CIvM042yt4UDFbah6QUdFvoBBw\" data-load-complete=\"true\"></iframe>\n  (Session info: chrome=123.0.6312.106)\nStacktrace:\n\tGetHandleVerifier [0x00007FF7923A70C2+63090]\n\t(No symbol) [0x00007FF792312D12]\n\t(No symbol) [0x00007FF7921AEC65]\n\t(No symbol) [0x00007FF7921FBB34]\n\t(No symbol) [0x00007FF7921F9954]\n\t(No symbol) [0x00007FF7921F7164]\n\t(No symbol) [0x00007FF7921F5EF9]\n\t(No symbol) [0x00007FF7921EA708]\n\t(No symbol) [0x00007FF792216FDA]\n\t(No symbol) [0x00007FF7921EA00A]\n\t(No symbol) [0x00007FF7922171F0]\n\t(No symbol) [0x00007FF792233412]\n\t(No symbol) [0x00007FF792216D83]\n\t(No symbol) [0x00007FF7921E83A8]\n\t(No symbol) [0x00007FF7921E9441]\n\tGetHandleVerifier [0x00007FF7927A262D+4238301]\n\tGetHandleVerifier [0x00007FF7927DF78D+4488509]\n\tGetHandleVerifier [0x00007FF7927D7A6F+4456479]\n\tGetHandleVerifier [0x00007FF792480606+953270]\n\t(No symbol) [0x00007FF79231E5DF]\n\t(No symbol) [0x00007FF7923192B4]\n\t(No symbol) [0x00007FF7923193EB]\n\t(No symbol) [0x00007FF792309C24]\n\tBaseThreadInitThunk [0x00007FFA1648257D+29]\n\tRtlUserThreadStart [0x00007FFA17CCAA58+40]","statusTrace":"self = <test_case.test_found.Testfound object at 0x00000216D4AA8E00>\n\n    def test_first_coupon(self):\n    \n        log_file_path = r'..\\log\\站群.txt'\n        store_detail = TemuFound()\n    \n        try:\n>           affi_code1 = store_detail.first_code()\n\ntest_case\\test_found.py:47: \n_ _ _ _ _ _ _ _ _ _ _ _ _ _ _ _ _ _ _ _ _ _ _ _ _ _ _ _ _ _ _ _ _ _ _ _ _ _ _ _ _ _ _ _ _ _ _ _ _ _ _ _ _ _ _ _ _ _ _ _ _ _ _ _ _ _ _ _ _ _ _ _ _ _ _ _ _ _ _ _ _ _ _ _ _ _ _ _ _ _ _ _ _ _ _ _ _ _ _ _ _ _ _ _\npy_page\\temu_p_found.py:37: in first_code\n    self.found_temu.find_and_click(by_method,ele_codeB1)\npy_page\\base_p.py:45: in find_and_click\n    self.find(by, locator).click()                    # 点击\nC:\\Users\\Dell\\AppData\\Local\\Programs\\Python\\Python312\\Lib\\site-packages\\selenium\\webdriver\\remote\\webelement.py:94: in click\n    self._execute(Command.CLICK_ELEMENT)\nC:\\Users\\Dell\\AppData\\Local\\Programs\\Python\\Python312\\Lib\\site-packages\\selenium\\webdriver\\remote\\webelement.py:395: in _execute\n    return self._parent.execute(command, params)\nC:\\Users\\Dell\\AppData\\Local\\Programs\\Python\\Python312\\Lib\\site-packages\\selenium\\webdriver\\remote\\webdriver.py:347: in execute\n    self.error_handler.check_response(response)\n_ _ _ _ _ _ _ _ _ _ _ _ _ _ _ _ _ _ _ _ _ _ _ _ _ _ _ _ _ _ _ _ _ _ _ _ _ _ _ _ _ _ _ _ _ _ _ _ _ _ _ _ _ _ _ _ _ _ _ _ _ _ _ _ _ _ _ _ _ _ _ _ _ _ _ _ _ _ _ _ _ _ _ _ _ _ _ _ _ _ _ _ _ _ _ _ _ _ _ _ _ _ _ _\n\nself = <selenium.webdriver.remote.errorhandler.ErrorHandler object at 0x00000216D4AE6BD0>\nresponse = {'status': 400, 'value': '{\"value\":{\"error\":\"element click intercepted\",\"message\":\"element click intercepted: Element ...07FF792309C24]\\\\n\\\\tBaseThreadInitThunk [0x00007FFA1648257D+29]\\\\n\\\\tRtlUserThreadStart [0x00007FFA17CCAA58+40]\\\\n\"}}'}\n\n    def check_response(self, response: Dict[str, Any]) -> None:\n        \"\"\"Checks that a JSON response from the WebDriver does not have an\n        error.\n    \n        :Args:\n         - response - The JSON response from the WebDriver server as a dictionary\n           object.\n    \n        :Raises: If the response contains an error message.\n        \"\"\"\n        status = response.get(\"status\", None)\n        if not status or status == ErrorCode.SUCCESS:\n            return\n        value = None\n        message = response.get(\"message\", \"\")\n        screen: str = response.get(\"screen\", \"\")\n        stacktrace = None\n        if isinstance(status, int):\n            value_json = response.get(\"value\", None)\n            if value_json and isinstance(value_json, str):\n                import json\n    \n                try:\n                    value = json.loads(value_json)\n                    if len(value) == 1:\n                        value = value[\"value\"]\n                    status = value.get(\"error\", None)\n                    if not status:\n                        status = value.get(\"status\", ErrorCode.UNKNOWN_ERROR)\n                        message = value.get(\"value\") or value.get(\"message\")\n                        if not isinstance(message, str):\n                            value = message\n                            message = message.get(\"message\")\n                    else:\n                        message = value.get(\"message\", None)\n                except ValueError:\n                    pass\n    \n        exception_class: Type[WebDriverException]\n        e = ErrorCode()\n        error_codes = [item for item in dir(e) if not item.startswith(\"__\")]\n        for error_code in error_codes:\n            error_info = getattr(ErrorCode, error_code)\n            if isinstance(error_info, list) and status in error_info:\n                exception_class = getattr(ExceptionMapping, error_code, WebDriverException)\n                break\n        else:\n            exception_class = WebDriverException\n    \n        if not value:\n            value = response[\"value\"]\n        if isinstance(value, str):\n            raise exception_class(value)\n        if message == \"\" and \"message\" in value:\n            message = value[\"message\"]\n    \n        screen = None  # type: ignore[assignment]\n        if \"screen\" in value:\n            screen = value[\"screen\"]\n    \n        stacktrace = None\n        st_value = value.get(\"stackTrace\") or value.get(\"stacktrace\")\n        if st_value:\n            if isinstance(st_value, str):\n                stacktrace = st_value.split(\"\\n\")\n            else:\n                stacktrace = []\n                try:\n                    for frame in st_value:\n                        line = frame.get(\"lineNumber\", \"\")\n                        file = frame.get(\"fileName\", \"<anonymous>\")\n                        if line:\n                            file = f\"{file}:{line}\"\n                        meth = frame.get(\"methodName\", \"<anonymous>\")\n                        if \"className\" in frame:\n                            meth = f\"{frame['className']}.{meth}\"\n                        msg = \"    at %s (%s)\"\n                        msg = msg % (meth, file)\n                        stacktrace.append(msg)\n                except TypeError:\n                    pass\n        if exception_class == UnexpectedAlertPresentException:\n            alert_text = None\n            if \"data\" in value:\n                alert_text = value[\"data\"].get(\"text\")\n            elif \"alert\" in value:\n                alert_text = value[\"alert\"].get(\"text\")\n            raise exception_class(message, screen, stacktrace, alert_text)  # type: ignore[call-arg]  # mypy is not smart enough here\n>       raise exception_class(message, screen, stacktrace)\nE       selenium.common.exceptions.ElementClickInterceptedException: Message: element click intercepted: Element <a href=\"/coupon/get-code/22096/\">...</a> is not clickable at point (1019, 809). Other element would receive the click: <iframe id=\"aswift_6\" name=\"aswift_6\" style=\"width: 1005px !important; height: 124px !important; display: block; margin: 0px auto;\" sandbox=\"allow-forms allow-popups allow-popups-to-escape-sandbox allow-same-origin allow-scripts allow-top-navigation-by-user-activation\" width=\"1005\" height=\"124\" frameborder=\"0\" marginwidth=\"0\" marginheight=\"0\" vspace=\"0\" hspace=\"0\" allowtransparency=\"true\" scrolling=\"no\" src=\"https://googleads.g.doubleclick.net/pagead/html/r20240408/r20110914/zrt_lookup_fy2021.html#RS-1-&amp;adk=1812271801&amp;client=ca-pub-4207736570761792&amp;fa=1&amp;ifi=7&amp;uci=a!7&amp;btvi=4\" data-google-container-id=\"a!7\" tabindex=\"0\" title=\"Advertisement\" aria-label=\"Advertisement\" data-google-query-id=\"CIvM042yt4UDFbah6QUdFvoBBw\" data-load-complete=\"true\"></iframe>\nE         (Session info: chrome=123.0.6312.106)\nE       Stacktrace:\nE       \tGetHandleVerifier [0x00007FF7923A70C2+63090]\nE       \t(No symbol) [0x00007FF792312D12]\nE       \t(No symbol) [0x00007FF7921AEC65]\nE       \t(No symbol) [0x00007FF7921FBB34]\nE       \t(No symbol) [0x00007FF7921F9954]\nE       \t(No symbol) [0x00007FF7921F7164]\nE       \t(No symbol) [0x00007FF7921F5EF9]\nE       \t(No symbol) [0x00007FF7921EA708]\nE       \t(No symbol) [0x00007FF792216FDA]\nE       \t(No symbol) [0x00007FF7921EA00A]\nE       \t(No symbol) [0x00007FF7922171F0]\nE       \t(No symbol) [0x00007FF792233412]\nE       \t(No symbol) [0x00007FF792216D83]\nE       \t(No symbol) [0x00007FF7921E83A8]\nE       \t(No symbol) [0x00007FF7921E9441]\nE       \tGetHandleVerifier [0x00007FF7927A262D+4238301]\nE       \tGetHandleVerifier [0x00007FF7927DF78D+4488509]\nE       \tGetHandleVerifier [0x00007FF7927D7A6F+4456479]\nE       \tGetHandleVerifier [0x00007FF792480606+953270]\nE       \t(No symbol) [0x00007FF79231E5DF]\nE       \t(No symbol) [0x00007FF7923192B4]\nE       \t(No symbol) [0x00007FF7923193EB]\nE       \t(No symbol) [0x00007FF792309C24]\nE       \tBaseThreadInitThunk [0x00007FFA1648257D+29]\nE       \tRtlUserThreadStart [0x00007FFA17CCAA58+40]\n\nC:\\Users\\Dell\\AppData\\Local\\Programs\\Python\\Python312\\Lib\\site-packages\\selenium\\webdriver\\remote\\errorhandler.py:229: ElementClickInterceptedException","flaky":false,"newFailed":false,"newBroken":false,"newPassed":false,"retriesCount":0,"retriesStatusChange":false,"beforeStages":[],"afterStages":[],"labels":[{"name":"parentSuite","value":"test_case"},{"name":"suite","value":"test_found"},{"name":"subSuite","value":"Testfound"},{"name":"host","value":"DESKTOP-LPVFBLF"},{"name":"thread","value":"6024-MainThread"},{"name":"framework","value":"pytest"},{"name":"language","value":"cpython3"},{"name":"package","value":"test_case.test_found"},{"name":"resultFormat","value":"allure2"}],"parameters":[],"links":[],"hidden":true,"retry":true,"extra":{"categories":[],"tags":[]},"source":"a724d781e18e8520.json","parameterValues":[]}