{"name": "test_sec_coupon", "status": "broken", "statusDetails": {"message": "selenium.common.exceptions.NoSuchElementException: Message: no such element: Unable to locate element: {\"method\":\"xpath\",\"selector\":\"//div[@class='w-full text-center text-primary font-bold text-[28px]']\"}\n  (Session info: chrome=123.0.6312.122); For documentation on this error, please visit: https://www.selenium.dev/documentation/webdriver/troubleshooting/errors#no-such-element-exception\nStacktrace:\n\tGetHandleVerifier [0x00007FF708BF70C2+63090]\n\t(No symbol) [0x00007FF708B62D12]\n\t(No symbol) [0x00007FF7089FEC65]\n\t(No symbol) [0x00007FF708A4499D]\n\t(No symbol) [0x00007FF708A44ADC]\n\t(No symbol) [0x00007FF708A85B37]\n\t(No symbol) [0x00007FF708A6701F]\n\t(No symbol) [0x00007FF708A83412]\n\t(No symbol) [0x00007FF708A66D83]\n\t(No symbol) [0x00007FF708A383A8]\n\t(No symbol) [0x00007FF708A39441]\n\tGetHandleVerifier [0x00007FF708FF262D+4238301]\n\tGetHandleVerifier [0x00007FF70902F78D+4488509]\n\tGetHandleVerifier [0x00007FF709027A6F+4456479]\n\tGetHandleVerifier [0x00007FF708CD0606+953270]\n\t(No symbol) [0x00007FF708B6E5DF]\n\t(No symbol) [0x00007FF708B692B4]\n\t(No symbol) [0x00007FF708B693EB]\n\t(No symbol) [0x00007FF708B59C24]\n\tBaseThreadInitThunk [0x00007FFB8B9C257D+29]\n\tRtlUserThreadStart [0x00007FFB8CB6AA48+40]", "trace": "self = <test_case.test_wb.TestWb object at 0x0000026ABFC1DEE0>\n\n    def test_sec_coupon(self):\n    \n        # log_file_path = r'..\\log\\站群.txt'\n        store_detail = TemuWb()\n    \n        try:\n>           affi_code2 = store_detail.sec_code()\n\ntest_case\\test_wb.py:73: \n_ _ _ _ _ _ _ _ _ _ _ _ _ _ _ _ _ _ _ _ _ _ _ _ _ _ _ _ _ _ _ _ _ _ _ _ _ _ _ _ _ _ _ _ _ _ _ _ _ _ _ _ _ _ _ _ _ _ _ _ _ _ _ _ _ _ _ _ _ _ _ _ _ _ _ _ _ _ _ _ _ _ _ _ _ _ _ _ _ _ _ _ _ _ _ _ _ _ _ _ _ _ _ _\npy_page\\temu_p_wb.py:62: in sec_code\n    code_text = self.wb_temu.find(by_method, ele_code_online).text\npy_page\\base_p.py:35: in find\n    ele_find = self.driver.find_element(by, locator)# 定位单个元素\nC:\\Users\\Dell\\AppData\\Local\\Programs\\Python\\Python312\\Lib\\site-packages\\selenium\\webdriver\\remote\\webdriver.py:741: in find_element\n    return self.execute(Command.FIND_ELEMENT, {\"using\": by, \"value\": value})[\"value\"]\nC:\\Users\\Dell\\AppData\\Local\\Programs\\Python\\Python312\\Lib\\site-packages\\selenium\\webdriver\\remote\\webdriver.py:347: in execute\n    self.error_handler.check_response(response)\n_ _ _ _ _ _ _ _ _ _ _ _ _ _ _ _ _ _ _ _ _ _ _ _ _ _ _ _ _ _ _ _ _ _ _ _ _ _ _ _ _ _ _ _ _ _ _ _ _ _ _ _ _ _ _ _ _ _ _ _ _ _ _ _ _ _ _ _ _ _ _ _ _ _ _ _ _ _ _ _ _ _ _ _ _ _ _ _ _ _ _ _ _ _ _ _ _ _ _ _ _ _ _ _\n\nself = <selenium.webdriver.remote.errorhandler.ErrorHandler object at 0x0000026AC0274590>\nresponse = {'status': 404, 'value': '{\"value\":{\"error\":\"no such element\",\"message\":\"no such element: Unable to locate element: {\\...07FF708B59C24]\\\\n\\\\tBaseThreadInitThunk [0x00007FFB8B9C257D+29]\\\\n\\\\tRtlUserThreadStart [0x00007FFB8CB6AA48+40]\\\\n\"}}'}\n\n    def check_response(self, response: Dict[str, Any]) -> None:\n        \"\"\"Checks that a JSON response from the WebDriver does not have an\n        error.\n    \n        :Args:\n         - response - The JSON response from the WebDriver server as a dictionary\n           object.\n    \n        :Raises: If the response contains an error message.\n        \"\"\"\n        status = response.get(\"status\", None)\n        if not status or status == ErrorCode.SUCCESS:\n            return\n        value = None\n        message = response.get(\"message\", \"\")\n        screen: str = response.get(\"screen\", \"\")\n        stacktrace = None\n        if isinstance(status, int):\n            value_json = response.get(\"value\", None)\n            if value_json and isinstance(value_json, str):\n                import json\n    \n                try:\n                    value = json.loads(value_json)\n                    if len(value) == 1:\n                        value = value[\"value\"]\n                    status = value.get(\"error\", None)\n                    if not status:\n                        status = value.get(\"status\", ErrorCode.UNKNOWN_ERROR)\n                        message = value.get(\"value\") or value.get(\"message\")\n                        if not isinstance(message, str):\n                            value = message\n                            message = message.get(\"message\")\n                    else:\n                        message = value.get(\"message\", None)\n                except ValueError:\n                    pass\n    \n        exception_class: Type[WebDriverException]\n        e = ErrorCode()\n        error_codes = [item for item in dir(e) if not item.startswith(\"__\")]\n        for error_code in error_codes:\n            error_info = getattr(ErrorCode, error_code)\n            if isinstance(error_info, list) and status in error_info:\n                exception_class = getattr(ExceptionMapping, error_code, WebDriverException)\n                break\n        else:\n            exception_class = WebDriverException\n    \n        if not value:\n            value = response[\"value\"]\n        if isinstance(value, str):\n            raise exception_class(value)\n        if message == \"\" and \"message\" in value:\n            message = value[\"message\"]\n    \n        screen = None  # type: ignore[assignment]\n        if \"screen\" in value:\n            screen = value[\"screen\"]\n    \n        stacktrace = None\n        st_value = value.get(\"stackTrace\") or value.get(\"stacktrace\")\n        if st_value:\n            if isinstance(st_value, str):\n                stacktrace = st_value.split(\"\\n\")\n            else:\n                stacktrace = []\n                try:\n                    for frame in st_value:\n                        line = frame.get(\"lineNumber\", \"\")\n                        file = frame.get(\"fileName\", \"<anonymous>\")\n                        if line:\n                            file = f\"{file}:{line}\"\n                        meth = frame.get(\"methodName\", \"<anonymous>\")\n                        if \"className\" in frame:\n                            meth = f\"{frame['className']}.{meth}\"\n                        msg = \"    at %s (%s)\"\n                        msg = msg % (meth, file)\n                        stacktrace.append(msg)\n                except TypeError:\n                    pass\n        if exception_class == UnexpectedAlertPresentException:\n            alert_text = None\n            if \"data\" in value:\n                alert_text = value[\"data\"].get(\"text\")\n            elif \"alert\" in value:\n                alert_text = value[\"alert\"].get(\"text\")\n            raise exception_class(message, screen, stacktrace, alert_text)  # type: ignore[call-arg]  # mypy is not smart enough here\n>       raise exception_class(message, screen, stacktrace)\nE       selenium.common.exceptions.NoSuchElementException: Message: no such element: Unable to locate element: {\"method\":\"xpath\",\"selector\":\"//div[@class='w-full text-center text-primary font-bold text-[28px]']\"}\nE         (Session info: chrome=123.0.6312.122); For documentation on this error, please visit: https://www.selenium.dev/documentation/webdriver/troubleshooting/errors#no-such-element-exception\nE       Stacktrace:\nE       \tGetHandleVerifier [0x00007FF708BF70C2+63090]\nE       \t(No symbol) [0x00007FF708B62D12]\nE       \t(No symbol) [0x00007FF7089FEC65]\nE       \t(No symbol) [0x00007FF708A4499D]\nE       \t(No symbol) [0x00007FF708A44ADC]\nE       \t(No symbol) [0x00007FF708A85B37]\nE       \t(No symbol) [0x00007FF708A6701F]\nE       \t(No symbol) [0x00007FF708A83412]\nE       \t(No symbol) [0x00007FF708A66D83]\nE       \t(No symbol) [0x00007FF708A383A8]\nE       \t(No symbol) [0x00007FF708A39441]\nE       \tGetHandleVerifier [0x00007FF708FF262D+4238301]\nE       \tGetHandleVerifier [0x00007FF70902F78D+4488509]\nE       \tGetHandleVerifier [0x00007FF709027A6F+4456479]\nE       \tGetHandleVerifier [0x00007FF708CD0606+953270]\nE       \t(No symbol) [0x00007FF708B6E5DF]\nE       \t(No symbol) [0x00007FF708B692B4]\nE       \t(No symbol) [0x00007FF708B693EB]\nE       \t(No symbol) [0x00007FF708B59C24]\nE       \tBaseThreadInitThunk [0x00007FFB8B9C257D+29]\nE       \tRtlUserThreadStart [0x00007FFB8CB6AA48+40]\n\nC:\\Users\\Dell\\AppData\\Local\\Programs\\Python\\Python312\\Lib\\site-packages\\selenium\\webdriver\\remote\\errorhandler.py:229: NoSuchElementException"}, "start": 1713441115258, "stop": 1713441238620, "uuid": "1578e8c7-1394-4186-98e5-b283bb77275b", "historyId": "a66ce4f72693285e481036414d996960", "testCaseId": "a66ce4f72693285e481036414d996960", "fullName": "test_case.test_wb.TestWb#test_sec_coupon", "labels": [{"name": "parentSuite", "value": "test_case"}, {"name": "suite", "value": "test_wb"}, {"name": "subSuite", "value": "TestWb"}, {"name": "host", "value": "DESKTOP-LPVFBLF"}, {"name": "thread", "value": "9536-MainThread"}, {"name": "framework", "value": "pytest"}, {"name": "language", "value": "cpython3"}, {"name": "package", "value": "test_case.test_wb"}]}